<?xml version="1.0" encoding="UTF-8"?>
<testsuites name="Mon Panier" time="2.786" tests="0" failures="0" errors="0">
   <testsuite name="Mon Panier" tests="0" failures="0" errors="0" time="2.786" skipped="0" timestamp="2023-07-07 09:48:14" hostname="Mariama Diallo - Mariama_Diallo.home" id="Test Suites/Mon Panier">
      <properties>
         <property name="deviceName" value=""/>
         <property name="devicePlatform" value=""/>
         <property name="logFolder" value="C:\\Users\\monsh\\Katalon Studio\\AgiltooAcademyTuto\\Reports\\20230707_094536\\Mon Panier\\20230707_094538"/>
         <property name="logFiles" value="C:\\Users\\monsh\\Katalon Studio\\AgiltooAcademyTuto\\Reports\\20230707_094536\\Mon Panier\\20230707_094538\\execution0.log"/>
         <property name="attachments" value=""/>
         <property name="hostName" value="Mariama Diallo - Mariama_Diallo.home"/>
         <property name="hostAddress" value="192.168.1.5"/>
         <property name="os" value="Windows 11 64bit"/>
         <property name="katalonVersion" value="8.6.5.208"/>
      </properties>
      <system-out><![CDATA[2023-07-07 09:48:14 - [TEST_SUITE][PASSED] - Mon Panier: null]]></system-out>
      <system-err><![CDATA[]]></system-err>
   </testsuite>
</testsuites>
